--------------------------------------------------------------------------------
[Nov 19, 2022, 9:21:17.1 PM:ERROR:publisher.cc(883)] Failed to retrieve panel publisher info
[Nov 19, 2022, 9:21:19.1 PM:ERROR:publisher.cc(883)] Failed to retrieve panel publisher info
[Nov 19, 2022, 9:21:19.1 PM:ERROR:publisher.cc(883)] Failed to retrieve panel publisher info
[Nov 19, 2022, 9:21:25.3 PM:ERROR:publisher.cc(849)] Failed to retrieve publisher info while updating media duration
[Nov 19, 2022, 9:21:25.3 PM:ERROR:publisher.cc(849)] Failed to retrieve publisher info while updating media duration
[Nov 19, 2022, 9:21:30.2 PM:ERROR:publisher.cc(849)] Failed to retrieve publisher info while updating media duration
[Nov 19, 2022, 9:21:30.2 PM:ERROR:publisher.cc(849)] Failed to retrieve publisher info while updating media duration
[Nov 19, 2022, 9:21:30.2 PM:ERROR:publisher.cc(849)] Failed to retrieve publisher info while updating media duration
[Nov 19, 2022, 9:21:45.4 PM:ERROR:publisher.cc(849)] Failed to retrieve publisher info while updating media duration
[Nov 19, 2022, 9:21:45.4 PM:ERROR:publisher.cc(849)] Failed to retrieve publisher info while updating media duration
[Nov 19, 2022, 9:21:45.4 PM:ERROR:publisher.cc(849)] Failed to retrieve publisher info while updating media duration
[Nov 19, 2022, 9:22:05.3 PM:ERROR:publisher.cc(849)] Failed to retrieve publisher info while updating media duration
[Nov 19, 2022, 9:22:05.3 PM:ERROR:publisher.cc(849)] Failed to retrieve publisher info while updating media duration
[Nov 19, 2022, 9:22:05.3 PM:ERROR:publisher.cc(849)] Failed to retrieve publisher info while updating media duration
[Nov 19, 2022, 9:22:25.4 PM:ERROR:publisher.cc(849)] Failed to retrieve publisher info while updating media duration
[Nov 19, 2022, 9:22:25.4 PM:ERROR:publisher.cc(849)] Failed to retrieve publisher info while updating media duration
[Nov 19, 2022, 9:22:25.4 PM:ERROR:publisher.cc(849)] Failed to retrieve publisher info while updating media duration
[Nov 19, 2022, 9:22:39.6 PM:ERROR:publisher.cc(756)] Publisher info not found
[Nov 19, 2022, 9:22:45.3 PM:ERROR:publisher.cc(849)] Failed to retrieve publisher info while updating media duration
[Nov 19, 2022, 9:22:45.3 PM:ERROR:publisher.cc(849)] Failed to retrieve publisher info while updating media duration
[Nov 19, 2022, 9:22:45.3 PM:ERROR:publisher.cc(849)] Failed to retrieve publisher info while updating media duration
[Nov 19, 2022, 9:23:05.4 PM:ERROR:publisher.cc(849)] Failed to retrieve publisher info while updating media duration
[Nov 19, 2022, 9:23:05.4 PM:ERROR:publisher.cc(849)] Failed to retrieve publisher info while updating media duration
[Nov 19, 2022, 9:23:05.4 PM:ERROR:publisher.cc(849)] Failed to retrieve publisher info while updating media duration
[Nov 19, 2022, 9:23:25.3 PM:ERROR:publisher.cc(849)] Failed to retrieve publisher info while updating media duration
[Nov 19, 2022, 9:23:25.3 PM:ERROR:publisher.cc(849)] Failed to retrieve publisher info while updating media duration
[Nov 19, 2022, 9:23:25.3 PM:ERROR:publisher.cc(849)] Failed to retrieve publisher info while updating media duration
[Nov 19, 2022, 9:23:45.4 PM:ERROR:publisher.cc(849)] Failed to retrieve publisher info while updating media duration
[Nov 19, 2022, 9:23:45.4 PM:ERROR:publisher.cc(849)] Failed to retrieve publisher info while updating media duration
[Nov 19, 2022, 9:23:45.4 PM:ERROR:publisher.cc(849)] Failed to retrieve publisher info while updating media duration
[Nov 19, 2022, 9:24:05.3 PM:ERROR:publisher.cc(849)] Failed to retrieve publisher info while updating media duration
[Nov 19, 2022, 9:24:05.3 PM:ERROR:publisher.cc(849)] Failed to retrieve publisher info while updating media duration
[Nov 19, 2022, 9:24:05.3 PM:ERROR:publisher.cc(849)] Failed to retrieve publisher info while updating media duration
[Nov 19, 2022, 9:24:25.4 PM:ERROR:publisher.cc(849)] Failed to retrieve publisher info while updating media duration
[Nov 19, 2022, 9:24:25.4 PM:ERROR:publisher.cc(849)] Failed to retrieve publisher info while updating media duration
[Nov 19, 2022, 9:24:25.4 PM:ERROR:publisher.cc(849)] Failed to retrieve publisher info while updating media duration
[Nov 19, 2022, 9:24:45.3 PM:ERROR:publisher.cc(849)] Failed to retrieve publisher info while updating media duration
[Nov 19, 2022, 9:24:45.3 PM:ERROR:publisher.cc(849)] Failed to retrieve publisher info while updating media duration
[Nov 19, 2022, 9:24:45.3 PM:ERROR:publisher.cc(849)] Failed to retrieve publisher info while updating media duration
[Nov 19, 2022, 9:25:05.4 PM:ERROR:publisher.cc(849)] Failed to retrieve publisher info while updating media duration
[Nov 19, 2022, 9:25:05.4 PM:ERROR:publisher.cc(849)] Failed to retrieve publisher info while updating media duration
[Nov 19, 2022, 9:25:05.4 PM:ERROR:publisher.cc(849)] Failed to retrieve publisher info while updating media duration
[Nov 19, 2022, 9:25:25.3 PM:ERROR:publisher.cc(849)] Failed to retrieve publisher info while updating media duration
[Nov 19, 2022, 9:25:25.3 PM:ERROR:publisher.cc(849)] Failed to retrieve publisher info while updating media duration
[Nov 19, 2022, 9:25:25.3 PM:ERROR:publisher.cc(849)] Failed to retrieve publisher info while updating media duration
[Nov 19, 2022, 9:25:45.4 PM:ERROR:publisher.cc(849)] Failed to retrieve publisher info while updating media duration
[Nov 19, 2022, 9:25:45.4 PM:ERROR:publisher.cc(849)] Failed to retrieve publisher info while updating media duration
[Nov 19, 2022, 9:25:45.4 PM:ERROR:publisher.cc(849)] Failed to retrieve publisher info while updating media duration
[Nov 19, 2022, 9:26:05.3 PM:ERROR:publisher.cc(849)] Failed to retrieve publisher info while updating media duration
[Nov 19, 2022, 9:26:05.3 PM:ERROR:publisher.cc(849)] Failed to retrieve publisher info while updating media duration
[Nov 19, 2022, 9:26:05.3 PM:ERROR:publisher.cc(849)] Failed to retrieve publisher info while updating media duration
[Nov 19, 2022, 9:26:25.4 PM:ERROR:publisher.cc(849)] Failed to retrieve publisher info while updating media duration
[Nov 19, 2022, 9:26:25.4 PM:ERROR:publisher.cc(849)] Failed to retrieve publisher info while updating media duration
[Nov 19, 2022, 9:26:25.4 PM:ERROR:publisher.cc(849)] Failed to retrieve publisher info while updating media duration
[Nov 19, 2022, 9:26:45.3 PM:ERROR:publisher.cc(849)] Failed to retrieve publisher info while updating media duration
[Nov 19, 2022, 9:26:45.3 PM:ERROR:publisher.cc(849)] Failed to retrieve publisher info while updating media duration
[Nov 19, 2022, 9:26:45.3 PM:ERROR:publisher.cc(849)] Failed to retrieve publisher info while updating media duration
[Nov 19, 2022, 9:27:05.4 PM:ERROR:publisher.cc(849)] Failed to retrieve publisher info while updating media duration
[Nov 19, 2022, 9:27:05.4 PM:ERROR:publisher.cc(849)] Failed to retrieve publisher info while updating media duration
[Nov 19, 2022, 9:27:05.4 PM:ERROR:publisher.cc(849)] Failed to retrieve publisher info while updating media duration
[Nov 19, 2022, 9:27:25.3 PM:ERROR:publisher.cc(849)] Failed to retrieve publisher info while updating media duration
[Nov 19, 2022, 9:27:25.3 PM:ERROR:publisher.cc(849)] Failed to retrieve publisher info while updating media duration
[Nov 19, 2022, 9:27:25.3 PM:ERROR:publisher.cc(849)] Failed to retrieve publisher info while updating media duration
[Nov 19, 2022, 9:27:45.4 PM:ERROR:publisher.cc(849)] Failed to retrieve publisher info while updating media duration
[Nov 19, 2022, 9:27:45.4 PM:ERROR:publisher.cc(849)] Failed to retrieve publisher info while updating media duration
[Nov 19, 2022, 9:27:45.4 PM:ERROR:publisher.cc(849)] Failed to retrieve publisher info while updating media duration
[Nov 19, 2022, 9:28:05.3 PM:ERROR:publisher.cc(849)] Failed to retrieve publisher info while updating media duration
[Nov 19, 2022, 9:28:05.3 PM:ERROR:publisher.cc(849)] Failed to retrieve publisher info while updating media duration
[Nov 19, 2022, 9:28:05.3 PM:ERROR:publisher.cc(849)] Failed to retrieve publisher info while updating media duration
[Nov 19, 2022, 9:28:25.4 PM:ERROR:publisher.cc(849)] Failed to retrieve publisher info while updating media duration
[Nov 19, 2022, 9:28:25.4 PM:ERROR:publisher.cc(849)] Failed to retrieve publisher info while updating media duration
[Nov 19, 2022, 9:28:25.4 PM:ERROR:publisher.cc(849)] Failed to retrieve publisher info while updating media duration
[Nov 19, 2022, 9:28:45.3 PM:ERROR:publisher.cc(849)] Failed to retrieve publisher info while updating media duration
[Nov 19, 2022, 9:28:45.3 PM:ERROR:publisher.cc(849)] Failed to retrieve publisher info while updating media duration
[Nov 19, 2022, 9:28:45.3 PM:ERROR:publisher.cc(849)] Failed to retrieve publisher info while updating media duration
[Nov 19, 2022, 9:29:05.4 PM:ERROR:publisher.cc(849)] Failed to retrieve publisher info while updating media duration
[Nov 19, 2022, 9:29:05.4 PM:ERROR:publisher.cc(849)] Failed to retrieve publisher info while updating media duration
[Nov 19, 2022, 9:29:05.4 PM:ERROR:publisher.cc(849)] Failed to retrieve publisher info while updating media duration
[Nov 19, 2022, 9:29:25.3 PM:ERROR:publisher.cc(849)] Failed to retrieve publisher info while updating media duration
[Nov 19, 2022, 9:29:25.3 PM:ERROR:publisher.cc(849)] Failed to retrieve publisher info while updating media duration
[Nov 19, 2022, 9:29:25.3 PM:ERROR:publisher.cc(849)] Failed to retrieve publisher info while updating media duration
[Nov 19, 2022, 9:29:45.4 PM:ERROR:publisher.cc(849)] Failed to retrieve publisher info while updating media duration
[Nov 19, 2022, 9:29:45.4 PM:ERROR:publisher.cc(849)] Failed to retrieve publisher info while updating media duration
[Nov 19, 2022, 9:29:45.4 PM:ERROR:publisher.cc(849)] Failed to retrieve publisher info while updating media duration
[Nov 19, 2022, 9:30:05.3 PM:ERROR:publisher.cc(849)] Failed to retrieve publisher info while updating media duration
[Nov 19, 2022, 9:30:05.3 PM:ERROR:publisher.cc(849)] Failed to retrieve publisher info while updating media duration
[Nov 19, 2022, 9:30:05.3 PM:ERROR:publisher.cc(849)] Failed to retrieve publisher info while updating media duration
[Nov 19, 2022, 9:30:25.4 PM:ERROR:publisher.cc(849)] Failed to retrieve publisher info while updating media duration
[Nov 19, 2022, 9:30:25.4 PM:ERROR:publisher.cc(849)] Failed to retrieve publisher info while updating media duration
[Nov 19, 2022, 9:30:25.4 PM:ERROR:publisher.cc(849)] Failed to retrieve publisher info while updating media duration
[Nov 19, 2022, 9:30:45.3 PM:ERROR:publisher.cc(849)] Failed to retrieve publisher info while updating media duration
[Nov 19, 2022, 9:30:45.3 PM:ERROR:publisher.cc(849)] Failed to retrieve publisher info while updating media duration
[Nov 19, 2022, 9:30:45.3 PM:ERROR:publisher.cc(849)] Failed to retrieve publisher info while updating media duration
[Nov 19, 2022, 9:31:05.4 PM:ERROR:publisher.cc(849)] Failed to retrieve publisher info while updating media duration
[Nov 19, 2022, 9:31:05.4 PM:ERROR:publisher.cc(849)] Failed to retrieve publisher info while updating media duration
[Nov 19, 2022, 9:31:05.4 PM:ERROR:publisher.cc(849)] Failed to retrieve publisher info while updating media duration
[Nov 19, 2022, 9:31:25.3 PM:ERROR:publisher.cc(849)] Failed to retrieve publisher info while updating media duration
[Nov 19, 2022, 9:31:25.3 PM:ERROR:publisher.cc(849)] Failed to retrieve publisher info while updating media duration
[Nov 19, 2022, 9:31:25.3 PM:ERROR:publisher.cc(849)] Failed to retrieve publisher info while updating media duration
[Nov 19, 2022, 9:31:45.4 PM:ERROR:publisher.cc(849)] Failed to retrieve publisher info while updating media duration
[Nov 19, 2022, 9:31:45.4 PM:ERROR:publisher.cc(849)] Failed to retrieve publisher info while updating media duration
[Nov 19, 2022, 9:31:45.4 PM:ERROR:publisher.cc(849)] Failed to retrieve publisher info while updating media duration
[Nov 19, 2022, 9:32:05.3 PM:ERROR:publisher.cc(849)] Failed to retrieve publisher info while updating media duration
[Nov 19, 2022, 9:32:05.3 PM:ERROR:publisher.cc(849)] Failed to retrieve publisher info while updating media duration
[Nov 19, 2022, 9:32:05.3 PM:ERROR:publisher.cc(849)] Failed to retrieve publisher info while updating media duration
[Nov 19, 2022, 9:32:25.4 PM:ERROR:publisher.cc(849)] Failed to retrieve publisher info while updating media duration
[Nov 19, 2022, 9:32:25.4 PM:ERROR:publisher.cc(849)] Failed to retrieve publisher info while updating media duration
[Nov 19, 2022, 9:32:25.4 PM:ERROR:publisher.cc(849)] Failed to retrieve publisher info while updating media duration
[Nov 19, 2022, 9:32:45.3 PM:ERROR:publisher.cc(849)] Failed to retrieve publisher info while updating media duration
[Nov 19, 2022, 9:32:45.3 PM:ERROR:publisher.cc(849)] Failed to retrieve publisher info while updating media duration
[Nov 19, 2022, 9:32:45.3 PM:ERROR:publisher.cc(849)] Failed to retrieve publisher info while updating media duration
[Nov 19, 2022, 9:33:05.4 PM:ERROR:publisher.cc(849)] Failed to retrieve publisher info while updating media duration
[Nov 19, 2022, 9:33:05.4 PM:ERROR:publisher.cc(849)] Failed to retrieve publisher info while updating media duration
[Nov 19, 2022, 9:33:05.4 PM:ERROR:publisher.cc(849)] Failed to retrieve publisher info while updating media duration
[Nov 19, 2022, 9:33:25.3 PM:ERROR:publisher.cc(849)] Failed to retrieve publisher info while updating media duration
[Nov 19, 2022, 9:33:25.3 PM:ERROR:publisher.cc(849)] Failed to retrieve publisher info while updating media duration
[Nov 19, 2022, 9:33:25.3 PM:ERROR:publisher.cc(849)] Failed to retrieve publisher info while updating media duration
[Nov 19, 2022, 9:33:45.4 PM:ERROR:publisher.cc(849)] Failed to retrieve publisher info while updating media duration
[Nov 19, 2022, 9:33:45.4 PM:ERROR:publisher.cc(849)] Failed to retrieve publisher info while updating media duration
[Nov 19, 2022, 9:33:45.4 PM:ERROR:publisher.cc(849)] Failed to retrieve publisher info while updating media duration
[Nov 19, 2022, 9:34:05.3 PM:ERROR:publisher.cc(849)] Failed to retrieve publisher info while updating media duration
[Nov 19, 2022, 9:34:05.3 PM:ERROR:publisher.cc(849)] Failed to retrieve publisher info while updating media duration
[Nov 19, 2022, 9:34:05.3 PM:ERROR:publisher.cc(849)] Failed to retrieve publisher info while updating media duration
[Nov 19, 2022, 9:34:25.4 PM:ERROR:publisher.cc(849)] Failed to retrieve publisher info while updating media duration
[Nov 19, 2022, 9:34:25.4 PM:ERROR:publisher.cc(849)] Failed to retrieve publisher info while updating media duration
[Nov 19, 2022, 9:34:25.4 PM:ERROR:publisher.cc(849)] Failed to retrieve publisher info while updating media duration
[Nov 19, 2022, 9:34:45.3 PM:ERROR:publisher.cc(849)] Failed to retrieve publisher info while updating media duration
[Nov 19, 2022, 9:34:45.3 PM:ERROR:publisher.cc(849)] Failed to retrieve publisher info while updating media duration
[Nov 19, 2022, 9:34:45.3 PM:ERROR:publisher.cc(849)] Failed to retrieve publisher info while updating media duration
[Nov 19, 2022, 9:35:05.4 PM:ERROR:publisher.cc(849)] Failed to retrieve publisher info while updating media duration
[Nov 19, 2022, 9:35:05.4 PM:ERROR:publisher.cc(849)] Failed to retrieve publisher info while updating media duration
[Nov 19, 2022, 9:35:05.4 PM:ERROR:publisher.cc(849)] Failed to retrieve publisher info while updating media duration
[Nov 19, 2022, 9:35:25.3 PM:ERROR:publisher.cc(849)] Failed to retrieve publisher info while updating media duration
[Nov 19, 2022, 9:35:25.3 PM:ERROR:publisher.cc(849)] Failed to retrieve publisher info while updating media duration
[Nov 19, 2022, 9:35:25.3 PM:ERROR:publisher.cc(849)] Failed to retrieve publisher info while updating media duration
[Nov 19, 2022, 9:35:45.4 PM:ERROR:publisher.cc(849)] Failed to retrieve publisher info while updating media duration
[Nov 19, 2022, 9:35:45.4 PM:ERROR:publisher.cc(849)] Failed to retrieve publisher info while updating media duration
[Nov 19, 2022, 9:35:45.4 PM:ERROR:publisher.cc(849)] Failed to retrieve publisher info while updating media duration
[Nov 19, 2022, 9:36:05.3 PM:ERROR:publisher.cc(849)] Failed to retrieve publisher info while updating media duration
[Nov 19, 2022, 9:36:05.3 PM:ERROR:publisher.cc(849)] Failed to retrieve publisher info while updating media duration
[Nov 19, 2022, 9:36:05.3 PM:ERROR:publisher.cc(849)] Failed to retrieve publisher info while updating media duration
[Nov 19, 2022, 9:36:25.5 PM:ERROR:publisher.cc(849)] Failed to retrieve publisher info while updating media duration
[Nov 19, 2022, 9:36:25.5 PM:ERROR:publisher.cc(849)] Failed to retrieve publisher info while updating media duration
[Nov 19, 2022, 9:36:25.5 PM:ERROR:publisher.cc(849)] Failed to retrieve publisher info while updating media duration
[Nov 19, 2022, 9:36:45.3 PM:ERROR:publisher.cc(849)] Failed to retrieve publisher info while updating media duration
[Nov 19, 2022, 9:36:45.3 PM:ERROR:publisher.cc(849)] Failed to retrieve publisher info while updating media duration
[Nov 19, 2022, 9:36:45.3 PM:ERROR:publisher.cc(849)] Failed to retrieve publisher info while updating media duration
[Nov 19, 2022, 9:37:05.4 PM:ERROR:publisher.cc(849)] Failed to retrieve publisher info while updating media duration
[Nov 19, 2022, 9:37:05.4 PM:ERROR:publisher.cc(849)] Failed to retrieve publisher info while updating media duration
[Nov 19, 2022, 9:37:05.4 PM:ERROR:publisher.cc(849)] Failed to retrieve publisher info while updating media duration
[Nov 19, 2022, 9:37:25.3 PM:ERROR:publisher.cc(849)] Failed to retrieve publisher info while updating media duration
[Nov 19, 2022, 9:37:25.3 PM:ERROR:publisher.cc(849)] Failed to retrieve publisher info while updating media duration
[Nov 19, 2022, 9:37:25.3 PM:ERROR:publisher.cc(849)] Failed to retrieve publisher info while updating media duration
[Nov 19, 2022, 9:37:45.4 PM:ERROR:publisher.cc(849)] Failed to retrieve publisher info while updating media duration
[Nov 19, 2022, 9:37:45.4 PM:ERROR:publisher.cc(849)] Failed to retrieve publisher info while updating media duration
[Nov 19, 2022, 9:37:45.4 PM:ERROR:publisher.cc(849)] Failed to retrieve publisher info while updating media duration
[Nov 19, 2022, 9:38:05.3 PM:ERROR:publisher.cc(849)] Failed to retrieve publisher info while updating media duration
[Nov 19, 2022, 9:38:05.3 PM:ERROR:publisher.cc(849)] Failed to retrieve publisher info while updating media duration
[Nov 19, 2022, 9:38:05.3 PM:ERROR:publisher.cc(849)] Failed to retrieve publisher info while updating media duration
[Nov 19, 2022, 9:38:25.4 PM:ERROR:publisher.cc(849)] Failed to retrieve publisher info while updating media duration
[Nov 19, 2022, 9:38:25.4 PM:ERROR:publisher.cc(849)] Failed to retrieve publisher info while updating media duration
[Nov 19, 2022, 9:38:25.4 PM:ERROR:publisher.cc(849)] Failed to retrieve publisher info while updating media duration
[Nov 19, 2022, 9:38:45.3 PM:ERROR:publisher.cc(849)] Failed to retrieve publisher info while updating media duration
[Nov 19, 2022, 9:38:45.3 PM:ERROR:publisher.cc(849)] Failed to retrieve publisher info while updating media duration
[Nov 19, 2022, 9:38:45.3 PM:ERROR:publisher.cc(849)] Failed to retrieve publisher info while updating media duration
[Nov 19, 2022, 9:39:05.4 PM:ERROR:publisher.cc(849)] Failed to retrieve publisher info while updating media duration
[Nov 19, 2022, 9:39:05.4 PM:ERROR:publisher.cc(849)] Failed to retrieve publisher info while updating media duration
[Nov 19, 2022, 9:39:05.4 PM:ERROR:publisher.cc(849)] Failed to retrieve publisher info while updating media duration
[Nov 19, 2022, 9:39:25.3 PM:ERROR:publisher.cc(849)] Failed to retrieve publisher info while updating media duration
[Nov 19, 2022, 9:39:25.3 PM:ERROR:publisher.cc(849)] Failed to retrieve publisher info while updating media duration
[Nov 19, 2022, 9:39:25.3 PM:ERROR:publisher.cc(849)] Failed to retrieve publisher info while updating media duration
[Nov 19, 2022, 9:39:45.4 PM:ERROR:publisher.cc(849)] Failed to retrieve publisher info while updating media duration
[Nov 19, 2022, 9:39:45.4 PM:ERROR:publisher.cc(849)] Failed to retrieve publisher info while updating media duration
[Nov 19, 2022, 9:39:45.4 PM:ERROR:publisher.cc(849)] Failed to retrieve publisher info while updating media duration
[Nov 19, 2022, 9:40:05.3 PM:ERROR:publisher.cc(849)] Failed to retrieve publisher info while updating media duration
[Nov 19, 2022, 9:40:05.3 PM:ERROR:publisher.cc(849)] Failed to retrieve publisher info while updating media duration
[Nov 19, 2022, 9:40:05.3 PM:ERROR:publisher.cc(849)] Failed to retrieve publisher info while updating media duration
[Nov 19, 2022, 9:40:25.4 PM:ERROR:publisher.cc(849)] Failed to retrieve publisher info while updating media duration
[Nov 19, 2022, 9:40:25.4 PM:ERROR:publisher.cc(849)] Failed to retrieve publisher info while updating media duration
[Nov 19, 2022, 9:40:25.4 PM:ERROR:publisher.cc(849)] Failed to retrieve publisher info while updating media duration
[Nov 19, 2022, 9:40:45.3 PM:ERROR:publisher.cc(849)] Failed to retrieve publisher info while updating media duration
[Nov 19, 2022, 9:40:45.3 PM:ERROR:publisher.cc(849)] Failed to retrieve publisher info while updating media duration
[Nov 19, 2022, 9:40:45.3 PM:ERROR:publisher.cc(849)] Failed to retrieve publisher info while updating media duration
[Nov 19, 2022, 9:41:05.4 PM:ERROR:publisher.cc(849)] Failed to retrieve publisher info while updating media duration
[Nov 19, 2022, 9:41:05.4 PM:ERROR:publisher.cc(849)] Failed to retrieve publisher info while updating media duration
[Nov 19, 2022, 9:41:05.4 PM:ERROR:publisher.cc(849)] Failed to retrieve publisher info while updating media duration
[Nov 19, 2022, 9:41:10.1 PM:ERROR:publisher.cc(756)] Publisher info not found
[Nov 19, 2022, 9:41:25.3 PM:ERROR:publisher.cc(849)] Failed to retrieve publisher info while updating media duration
[Nov 19, 2022, 9:41:25.3 PM:ERROR:publisher.cc(849)] Failed to retrieve publisher info while updating media duration
[Nov 19, 2022, 9:41:25.3 PM:ERROR:publisher.cc(849)] Failed to retrieve publisher info while updating media duration
[Nov 19, 2022, 9:41:45.5 PM:ERROR:publisher.cc(849)] Failed to retrieve publisher info while updating media duration
[Nov 19, 2022, 9:41:45.5 PM:ERROR:publisher.cc(849)] Failed to retrieve publisher info while updating media duration
[Nov 19, 2022, 9:41:45.7 PM:ERROR:publisher.cc(849)] Failed to retrieve publisher info while updating media duration
[Nov 19, 2022, 9:42:05.3 PM:ERROR:publisher.cc(849)] Failed to retrieve publisher info while updating media duration
[Nov 19, 2022, 9:42:05.3 PM:ERROR:publisher.cc(849)] Failed to retrieve publisher info while updating media duration
[Nov 19, 2022, 9:42:05.3 PM:ERROR:publisher.cc(849)] Failed to retrieve publisher info while updating media duration
[Nov 19, 2022, 9:42:12.1 PM:ERROR:publisher.cc(756)] Publisher info not found
[Nov 19, 2022, 9:42:24.4 PM:ERROR:publisher.cc(756)] Publisher info not found
[Nov 19, 2022, 9:42:25.4 PM:ERROR:publisher.cc(849)] Failed to retrieve publisher info while updating media duration
[Nov 19, 2022, 9:42:25.4 PM:ERROR:publisher.cc(849)] Failed to retrieve publisher info while updating media duration
[Nov 19, 2022, 9:42:25.4 PM:ERROR:publisher.cc(849)] Failed to retrieve publisher info while updating media duration
[Nov 19, 2022, 9:42:45.3 PM:ERROR:publisher.cc(849)] Failed to retrieve publisher info while updating media duration
[Nov 19, 2022, 9:42:45.3 PM:ERROR:publisher.cc(849)] Failed to retrieve publisher info while updating media duration
[Nov 19, 2022, 9:42:45.3 PM:ERROR:publisher.cc(849)] Failed to retrieve publisher info while updating media duration
[Nov 19, 2022, 9:43:05.4 PM:ERROR:publisher.cc(849)] Failed to retrieve publisher info while updating media duration
[Nov 19, 2022, 9:43:05.4 PM:ERROR:publisher.cc(849)] Failed to retrieve publisher info while updating media duration
[Nov 19, 2022, 9:43:05.4 PM:ERROR:publisher.cc(849)] Failed to retrieve publisher info while updating media duration
[Nov 19, 2022, 9:43:25.3 PM:ERROR:publisher.cc(849)] Failed to retrieve publisher info while updating media duration
[Nov 19, 2022, 9:43:25.3 PM:ERROR:publisher.cc(849)] Failed to retrieve publisher info while updating media duration
[Nov 19, 2022, 9:43:25.3 PM:ERROR:publisher.cc(849)] Failed to retrieve publisher info while updating media duration
[Nov 19, 2022, 9:43:45.4 PM:ERROR:publisher.cc(849)] Failed to retrieve publisher info while updating media duration
[Nov 19, 2022, 9:43:45.4 PM:ERROR:publisher.cc(849)] Failed to retrieve publisher info while updating media duration
[Nov 19, 2022, 9:43:45.4 PM:ERROR:publisher.cc(849)] Failed to retrieve publisher info while updating media duration
[Nov 19, 2022, 9:44:05.3 PM:ERROR:publisher.cc(849)] Failed to retrieve publisher info while updating media duration
[Nov 19, 2022, 9:44:05.3 PM:ERROR:publisher.cc(849)] Failed to retrieve publisher info while updating media duration
[Nov 19, 2022, 9:44:25.4 PM:ERROR:publisher.cc(849)] Failed to retrieve publisher info while updating media duration
[Nov 19, 2022, 9:44:25.4 PM:ERROR:publisher.cc(849)] Failed to retrieve publisher info while updating media duration
[Nov 19, 2022, 9:44:45.3 PM:ERROR:publisher.cc(849)] Failed to retrieve publisher info while updating media duration
[Nov 19, 2022, 9:44:45.3 PM:ERROR:publisher.cc(849)] Failed to retrieve publisher info while updating media duration
[Nov 19, 2022, 9:45:05.4 PM:ERROR:publisher.cc(849)] Failed to retrieve publisher info while updating media duration
[Nov 19, 2022, 9:45:05.4 PM:ERROR:publisher.cc(849)] Failed to retrieve publisher info while updating media duration
[Nov 19, 2022, 9:45:25.3 PM:ERROR:publisher.cc(849)] Failed to retrieve publisher info while updating media duration
[Nov 19, 2022, 9:45:25.3 PM:ERROR:publisher.cc(849)] Failed to retrieve publisher info while updating media duration
[Nov 19, 2022, 9:45:45.4 PM:ERROR:publisher.cc(849)] Failed to retrieve publisher info while updating media duration
[Nov 19, 2022, 9:45:45.4 PM:ERROR:publisher.cc(849)] Failed to retrieve publisher info while updating media duration
[Nov 19, 2022, 9:46:04.0 PM:ERROR:publisher.cc(849)] Failed to retrieve publisher info while updating media duration
[Nov 19, 2022, 9:46:04.0 PM:ERROR:publisher.cc(849)] Failed to retrieve publisher info while updating media duration
[Nov 19, 2022, 9:46:04.0 PM:ERROR:publisher.cc(849)] Failed to retrieve publisher info while updating media duration
[Nov 19, 2022, 9:46:04.0 PM:ERROR:publisher.cc(756)] Publisher info not found
[Nov 19, 2022, 9:46:05.3 PM:ERROR:publisher.cc(849)] Failed to retrieve publisher info while updating media duration
[Nov 19, 2022, 9:46:05.3 PM:ERROR:publisher.cc(849)] Failed to retrieve publisher info while updating media duration
[Nov 19, 2022, 9:46:05.3 PM:ERROR:publisher.cc(849)] Failed to retrieve publisher info while updating media duration
[Nov 19, 2022, 9:46:25.4 PM:ERROR:publisher.cc(849)] Failed to retrieve publisher info while updating media duration
[Nov 19, 2022, 9:46:25.4 PM:ERROR:publisher.cc(849)] Failed to retrieve publisher info while updating media duration
[Nov 19, 2022, 9:46:25.4 PM:ERROR:publisher.cc(849)] Failed to retrieve publisher info while updating media duration
[Nov 19, 2022, 9:46:45.3 PM:ERROR:publisher.cc(849)] Failed to retrieve publisher info while updating media duration
[Nov 19, 2022, 9:46:45.3 PM:ERROR:publisher.cc(849)] Failed to retrieve publisher info while updating media duration
[Nov 19, 2022, 9:46:45.3 PM:ERROR:publisher.cc(849)] Failed to retrieve publisher info while updating media duration
[Nov 19, 2022, 9:47:05.4 PM:ERROR:publisher.cc(849)] Failed to retrieve publisher info while updating media duration
[Nov 19, 2022, 9:47:05.4 PM:ERROR:publisher.cc(849)] Failed to retrieve publisher info while updating media duration
[Nov 19, 2022, 9:47:05.4 PM:ERROR:publisher.cc(849)] Failed to retrieve publisher info while updating media duration
[Nov 19, 2022, 9:47:25.3 PM:ERROR:publisher.cc(849)] Failed to retrieve publisher info while updating media duration
[Nov 19, 2022, 9:47:25.3 PM:ERROR:publisher.cc(849)] Failed to retrieve publisher info while updating media duration
[Nov 19, 2022, 9:47:25.3 PM:ERROR:publisher.cc(849)] Failed to retrieve publisher info while updating media duration
[Nov 19, 2022, 9:47:45.4 PM:ERROR:publisher.cc(849)] Failed to retrieve publisher info while updating media duration
[Nov 19, 2022, 9:47:45.4 PM:ERROR:publisher.cc(849)] Failed to retrieve publisher info while updating media duration
[Nov 19, 2022, 9:47:45.4 PM:ERROR:publisher.cc(849)] Failed to retrieve publisher info while updating media duration
[Nov 19, 2022, 9:48:05.3 PM:ERROR:publisher.cc(849)] Failed to retrieve publisher info while updating media duration
[Nov 19, 2022, 9:48:05.3 PM:ERROR:publisher.cc(849)] Failed to retrieve publisher info while updating media duration
[Nov 19, 2022, 9:48:05.3 PM:ERROR:publisher.cc(849)] Failed to retrieve publisher info while updating media duration
[Nov 19, 2022, 9:48:25.4 PM:ERROR:publisher.cc(849)] Failed to retrieve publisher info while updating media duration
[Nov 19, 2022, 9:48:25.4 PM:ERROR:publisher.cc(849)] Failed to retrieve publisher info while updating media duration
[Nov 19, 2022, 9:48:45.3 PM:ERROR:publisher.cc(849)] Failed to retrieve publisher info while updating media duration
[Nov 19, 2022, 9:48:45.3 PM:ERROR:publisher.cc(849)] Failed to retrieve publisher info while updating media duration
[Nov 19, 2022, 9:49:05.4 PM:ERROR:publisher.cc(849)] Failed to retrieve publisher info while updating media duration
[Nov 19, 2022, 9:49:05.4 PM:ERROR:publisher.cc(849)] Failed to retrieve publisher info while updating media duration
[Nov 19, 2022, 9:49:25.3 PM:ERROR:publisher.cc(849)] Failed to retrieve publisher info while updating media duration
[Nov 19, 2022, 9:49:25.3 PM:ERROR:publisher.cc(849)] Failed to retrieve publisher info while updating media duration
[Nov 19, 2022, 9:49:45.4 PM:ERROR:publisher.cc(849)] Failed to retrieve publisher info while updating media duration
[Nov 19, 2022, 9:49:45.4 PM:ERROR:publisher.cc(849)] Failed to retrieve publisher info while updating media duration
[Nov 19, 2022, 9:50:05.3 PM:ERROR:publisher.cc(849)] Failed to retrieve publisher info while updating media duration
[Nov 19, 2022, 9:50:05.3 PM:ERROR:publisher.cc(849)] Failed to retrieve publisher info while updating media duration
[Nov 19, 2022, 9:50:25.4 PM:ERROR:publisher.cc(849)] Failed to retrieve publisher info while updating media duration
[Nov 19, 2022, 9:50:25.4 PM:ERROR:publisher.cc(849)] Failed to retrieve publisher info while updating media duration
[Nov 19, 2022, 9:50:45.3 PM:ERROR:publisher.cc(849)] Failed to retrieve publisher info while updating media duration
[Nov 19, 2022, 9:50:45.3 PM:ERROR:publisher.cc(849)] Failed to retrieve publisher info while updating media duration
[Nov 19, 2022, 9:51:05.5 PM:ERROR:publisher.cc(849)] Failed to retrieve publisher info while updating media duration
[Nov 19, 2022, 9:51:05.5 PM:ERROR:publisher.cc(849)] Failed to retrieve publisher info while updating media duration
[Nov 19, 2022, 9:51:25.3 PM:ERROR:publisher.cc(849)] Failed to retrieve publisher info while updating media duration
[Nov 19, 2022, 9:51:25.3 PM:ERROR:publisher.cc(849)] Failed to retrieve publisher info while updating media duration
[Nov 19, 2022, 9:51:45.4 PM:ERROR:publisher.cc(849)] Failed to retrieve publisher info while updating media duration
[Nov 19, 2022, 9:51:45.4 PM:ERROR:publisher.cc(849)] Failed to retrieve publisher info while updating media duration
[Nov 19, 2022, 9:52:05.3 PM:ERROR:publisher.cc(849)] Failed to retrieve publisher info while updating media duration
[Nov 19, 2022, 9:52:05.3 PM:ERROR:publisher.cc(849)] Failed to retrieve publisher info while updating media duration
[Nov 19, 2022, 9:52:25.4 PM:ERROR:publisher.cc(849)] Failed to retrieve publisher info while updating media duration
[Nov 19, 2022, 9:52:25.4 PM:ERROR:publisher.cc(849)] Failed to retrieve publisher info while updating media duration
[Nov 19, 2022, 9:52:45.3 PM:ERROR:publisher.cc(849)] Failed to retrieve publisher info while updating media duration
[Nov 19, 2022, 9:52:45.3 PM:ERROR:publisher.cc(849)] Failed to retrieve publisher info while updating media duration
[Nov 19, 2022, 9:53:05.4 PM:ERROR:publisher.cc(849)] Failed to retrieve publisher info while updating media duration
[Nov 19, 2022, 9:53:05.4 PM:ERROR:publisher.cc(849)] Failed to retrieve publisher info while updating media duration
[Nov 19, 2022, 9:53:25.3 PM:ERROR:publisher.cc(849)] Failed to retrieve publisher info while updating media duration
[Nov 19, 2022, 9:53:25.3 PM:ERROR:publisher.cc(849)] Failed to retrieve publisher info while updating media duration
[Nov 19, 2022, 9:53:45.4 PM:ERROR:publisher.cc(849)] Failed to retrieve publisher info while updating media duration
[Nov 19, 2022, 9:53:45.4 PM:ERROR:publisher.cc(849)] Failed to retrieve publisher info while updating media duration
[Nov 19, 2022, 9:53:46.0 PM:ERROR:publisher.cc(849)] Failed to retrieve publisher info while updating media duration
[Nov 19, 2022, 9:53:46.0 PM:ERROR:publisher.cc(849)] Failed to retrieve publisher info while updating media duration
[Nov 19, 2022, 9:54:05.3 PM:ERROR:publisher.cc(849)] Failed to retrieve publisher info while updating media duration
[Nov 19, 2022, 9:54:05.3 PM:ERROR:publisher.cc(849)] Failed to retrieve publisher info while updating media duration
[Nov 19, 2022, 9:54:45.3 PM:ERROR:publisher.cc(849)] Failed to retrieve publisher info while updating media duration
[Nov 19, 2022, 9:54:45.3 PM:ERROR:publisher.cc(849)] Failed to retrieve publisher info while updating media duration
[Nov 19, 2022, 9:55:25.3 PM:ERROR:publisher.cc(849)] Failed to retrieve publisher info while updating media duration
[Nov 19, 2022, 9:55:25.3 PM:ERROR:publisher.cc(849)] Failed to retrieve publisher info while updating media duration
[Nov 19, 2022, 9:56:05.3 PM:ERROR:publisher.cc(849)] Failed to retrieve publisher info while updating media duration
[Nov 19, 2022, 9:56:05.3 PM:ERROR:publisher.cc(849)] Failed to retrieve publisher info while updating media duration
[Nov 19, 2022, 9:56:45.3 PM:ERROR:publisher.cc(849)] Failed to retrieve publisher info while updating media duration
[Nov 19, 2022, 9:56:45.3 PM:ERROR:publisher.cc(849)] Failed to retrieve publisher info while updating media duration
[Nov 19, 2022, 9:57:25.3 PM:ERROR:publisher.cc(849)] Failed to retrieve publisher info while updating media duration
[Nov 19, 2022, 9:57:25.3 PM:ERROR:publisher.cc(849)] Failed to retrieve publisher info while updating media duration
[Nov 19, 2022, 9:58:05.3 PM:ERROR:publisher.cc(849)] Failed to retrieve publisher info while updating media duration
[Nov 19, 2022, 9:58:05.3 PM:ERROR:publisher.cc(849)] Failed to retrieve publisher info while updating media duration
[Nov 19, 2022, 9:58:45.3 PM:ERROR:publisher.cc(849)] Failed to retrieve publisher info while updating media duration
[Nov 19, 2022, 9:58:45.3 PM:ERROR:publisher.cc(849)] Failed to retrieve publisher info while updating media duration
[Nov 19, 2022, 9:59:25.3 PM:ERROR:publisher.cc(849)] Failed to retrieve publisher info while updating media duration
[Nov 19, 2022, 9:59:25.3 PM:ERROR:publisher.cc(849)] Failed to retrieve publisher info while updating media duration
[Nov 19, 2022, 10:00:05.3 PM:ERROR:publisher.cc(849)] Failed to retrieve publisher info while updating media duration
[Nov 19, 2022, 10:00:05.3 PM:ERROR:publisher.cc(849)] Failed to retrieve publisher info while updating media duration
[Nov 19, 2022, 10:00:45.3 PM:ERROR:publisher.cc(849)] Failed to retrieve publisher info while updating media duration
[Nov 19, 2022, 10:00:45.3 PM:ERROR:publisher.cc(849)] Failed to retrieve publisher info while updating media duration
[Nov 19, 2022, 10:01:25.3 PM:ERROR:publisher.cc(849)] Failed to retrieve publisher info while updating media duration
[Nov 19, 2022, 10:01:25.3 PM:ERROR:publisher.cc(849)] Failed to retrieve publisher info while updating media duration
[Nov 19, 2022, 10:02:05.3 PM:ERROR:publisher.cc(849)] Failed to retrieve publisher info while updating media duration
[Nov 19, 2022, 10:02:05.3 PM:ERROR:publisher.cc(849)] Failed to retrieve publisher info while updating media duration
[Nov 19, 2022, 10:02:45.3 PM:ERROR:publisher.cc(849)] Failed to retrieve publisher info while updating media duration
[Nov 19, 2022, 10:02:45.3 PM:ERROR:publisher.cc(849)] Failed to retrieve publisher info while updating media duration
[Nov 19, 2022, 10:03:25.3 PM:ERROR:publisher.cc(849)] Failed to retrieve publisher info while updating media duration
[Nov 19, 2022, 10:03:25.3 PM:ERROR:publisher.cc(849)] Failed to retrieve publisher info while updating media duration
[Nov 19, 2022, 10:04:05.3 PM:ERROR:publisher.cc(849)] Failed to retrieve publisher info while updating media duration
[Nov 19, 2022, 10:04:05.3 PM:ERROR:publisher.cc(849)] Failed to retrieve publisher info while updating media duration
[Nov 19, 2022, 10:04:45.3 PM:ERROR:publisher.cc(849)] Failed to retrieve publisher info while updating media duration
[Nov 19, 2022, 10:04:45.3 PM:ERROR:publisher.cc(849)] Failed to retrieve publisher info while updating media duration
[Nov 19, 2022, 10:05:25.3 PM:ERROR:publisher.cc(849)] Failed to retrieve publisher info while updating media duration
[Nov 19, 2022, 10:05:25.3 PM:ERROR:publisher.cc(849)] Failed to retrieve publisher info while updating media duration
[Nov 19, 2022, 10:06:05.3 PM:ERROR:publisher.cc(849)] Failed to retrieve publisher info while updating media duration
[Nov 19, 2022, 10:06:05.3 PM:ERROR:publisher.cc(849)] Failed to retrieve publisher info while updating media duration
[Nov 19, 2022, 10:06:45.3 PM:ERROR:publisher.cc(849)] Failed to retrieve publisher info while updating media duration
[Nov 19, 2022, 10:06:45.3 PM:ERROR:publisher.cc(849)] Failed to retrieve publisher info while updating media duration
[Nov 19, 2022, 10:07:01.1 PM:ERROR:publisher.cc(849)] Failed to retrieve publisher info while updating media duration
[Nov 19, 2022, 10:07:01.1 PM:ERROR:publisher.cc(849)] Failed to retrieve publisher info while updating media duration
[Nov 19, 2022, 10:10:32.3 PM:ERROR:publisher.cc(756)] Publisher info not found
[Nov 19, 2022, 10:11:10.3 PM:ERROR:publisher.cc(849)] Failed to retrieve publisher info while updating media duration
[Nov 19, 2022, 10:11:10.3 PM:ERROR:publisher.cc(849)] Failed to retrieve publisher info while updating media duration
[Nov 19, 2022, 10:11:50.3 PM:ERROR:publisher.cc(849)] Failed to retrieve publisher info while updating media duration
[Nov 19, 2022, 10:11:50.3 PM:ERROR:publisher.cc(849)] Failed to retrieve publisher info while updating media duration
[Nov 19, 2022, 10:12:30.3 PM:ERROR:publisher.cc(849)] Failed to retrieve publisher info while updating media duration
[Nov 19, 2022, 10:12:30.3 PM:ERROR:publisher.cc(849)] Failed to retrieve publisher info while updating media duration
[Nov 19, 2022, 10:13:10.4 PM:ERROR:publisher.cc(849)] Failed to retrieve publisher info while updating media duration
[Nov 19, 2022, 10:13:10.4 PM:ERROR:publisher.cc(849)] Failed to retrieve publisher info while updating media duration
[Nov 19, 2022, 10:13:50.3 PM:ERROR:publisher.cc(849)] Failed to retrieve publisher info while updating media duration
[Nov 19, 2022, 10:13:50.3 PM:ERROR:publisher.cc(849)] Failed to retrieve publisher info while updating media duration
[Nov 19, 2022, 10:14:30.3 PM:ERROR:publisher.cc(849)] Failed to retrieve publisher info while updating media duration
[Nov 19, 2022, 10:14:30.3 PM:ERROR:publisher.cc(849)] Failed to retrieve publisher info while updating media duration
[Nov 19, 2022, 10:15:10.3 PM:ERROR:publisher.cc(849)] Failed to retrieve publisher info while updating media duration
[Nov 19, 2022, 10:15:10.3 PM:ERROR:publisher.cc(849)] Failed to retrieve publisher info while updating media duration
[Nov 19, 2022, 10:15:50.3 PM:ERROR:publisher.cc(849)] Failed to retrieve publisher info while updating media duration
[Nov 19, 2022, 10:15:50.3 PM:ERROR:publisher.cc(849)] Failed to retrieve publisher info while updating media duration
[Nov 19, 2022, 10:16:30.3 PM:ERROR:publisher.cc(849)] Failed to retrieve publisher info while updating media duration
[Nov 19, 2022, 10:16:30.3 PM:ERROR:publisher.cc(849)] Failed to retrieve publisher info while updating media duration
[Nov 19, 2022, 10:17:10.3 PM:ERROR:publisher.cc(849)] Failed to retrieve publisher info while updating media duration
[Nov 19, 2022, 10:17:10.3 PM:ERROR:publisher.cc(849)] Failed to retrieve publisher info while updating media duration
[Nov 19, 2022, 10:17:50.3 PM:ERROR:publisher.cc(849)] Failed to retrieve publisher info while updating media duration
[Nov 19, 2022, 10:17:50.3 PM:ERROR:publisher.cc(849)] Failed to retrieve publisher info while updating media duration
[Nov 19, 2022, 10:18:30.3 PM:ERROR:publisher.cc(849)] Failed to retrieve publisher info while updating media duration
[Nov 19, 2022, 10:18:30.3 PM:ERROR:publisher.cc(849)] Failed to retrieve publisher info while updating media duration
[Nov 19, 2022, 10:19:10.3 PM:ERROR:publisher.cc(849)] Failed to retrieve publisher info while updating media duration
[Nov 19, 2022, 10:19:10.3 PM:ERROR:publisher.cc(849)] Failed to retrieve publisher info while updating media duration
[Nov 19, 2022, 10:19:50.3 PM:ERROR:publisher.cc(849)] Failed to retrieve publisher info while updating media duration
[Nov 19, 2022, 10:19:50.3 PM:ERROR:publisher.cc(849)] Failed to retrieve publisher info while updating media duration
[Nov 19, 2022, 10:20:30.3 PM:ERROR:publisher.cc(849)] Failed to retrieve publisher info while updating media duration
[Nov 19, 2022, 10:20:30.3 PM:ERROR:publisher.cc(849)] Failed to retrieve publisher info while updating media duration
[Nov 19, 2022, 10:21:10.3 PM:ERROR:publisher.cc(849)] Failed to retrieve publisher info while updating media duration
[Nov 19, 2022, 10:21:10.3 PM:ERROR:publisher.cc(849)] Failed to retrieve publisher info while updating media duration
[Nov 19, 2022, 10:21:18.2 PM:ERROR:publisher.cc(756)] Publisher info not found
[Nov 21, 2022, 11:16:51.6 AM:ERROR:publisher.cc(756)] Publisher info not found
[Nov 21, 2022, 11:16:51.6 AM:ERROR:publisher.cc(756)] Publisher info not found
