[11/04/22, 19:40:24:662] info: 
╔══════════════════════════════════════════════════════╗
║      Slack 4.28.184, linux 6.0.6-arch1-1 on x64      ║
╚══════════════════════════════════════════════════════╝ 
[11/04/22, 19:40:24:662] info: Configured logger via 
{
  "enableConsoleTransport": true,
  "identifierOverride": "webapp-auth-console",
  "shouldUseNewBackend": false,
  "loggerInstanceCount": 4
}
[11/04/22, 19:40:24:662] info: Predefined values for process 
{
  "NODE_ENV": "production",
  "platform": "linux",
  "type": "browser",
  "timeZone": "America/Chicago",
  "PACKAGE_MANIFEST.productName": "Slack",
  "PACKAGE_MANIFEST.version": "4.28.184",
  "PACKAGE_MANIFEST.commit": "d0e84ec",
  "PACKAGE_MANIFEST.branch": "HEAD"
}
